<?xml version="1.0" encoding="UTF-8"?>
<!-- Generated by org.testng.reporters.JUnitReportReporter -->
<testsuite skipped="0" hostname="Private-1074" name="uk.co.idealflatmate.tests.AreaPageTest" tests="6" failures="0" timestamp="25 Jan 2019 17:23:14 GMT" time="980.527" errors="0">
  <testcase name="exploreMoreArea" time="98.643" classname="uk.co.idealflatmate.tests.AreaPageTest"/>
  <testcase name="firstFeaturedLinkMap" time="186.457" classname="uk.co.idealflatmate.tests.AreaPageTest"/>
  <testcase name="firstFeaturedHomePageHeader" time="186.230" classname="uk.co.idealflatmate.tests.AreaPageTest"/>
  <testcase name="linkFH" time="159.549" classname="uk.co.idealflatmate.tests.AreaPageTest"/>
  <testcase name="seeMoreRooms" time="190.110" classname="uk.co.idealflatmate.tests.AreaPageTest"/>
  <testcase name="firstFeaturedLinkArea" time="159.538" classname="uk.co.idealflatmate.tests.AreaPageTest"/>
</testsuite> <!-- uk.co.idealflatmate.tests.AreaPageTest -->
