<?xml version="1.0" encoding="UTF-8"?>
<!-- Generated by org.testng.reporters.JUnitReportReporter -->
<testsuite skipped="0" hostname="Private-1074" name="uk.co.idealflatmate.tests.SignUpTest" tests="7" failures="1" timestamp="13 Jul 2018 16:03:02 GMT" time="958.972" errors="0">
  <testcase name="SignUpWithMatchingWithBlankRequiredFields" time="78.029" classname="uk.co.idealflatmate.tests.SignUpTest"/>
  <testcase name="SuccessfulSignUpWithMatchingWithRequiredFields" time="310.253" classname="uk.co.idealflatmate.tests.SignUpTest">
    <failure type="com.codeborne.selenide.ex.ElementShould" message="Element should be visible {By.xpath: //button[@id=&#039;3&#039; and contains(text(), &#039;Continue&#039;)]}
Element: &#039;&lt;button class=&quot;btn btn-block btn-info btn-next btn-survey&quot; id=&quot;3&quot; onclick=&quot;dataLayer.push({&#039;event&#039;:&#039;Rebelhack&#039;,&#039;eventCategory&#039;: &#039;pre user activation&#039;,&#039;eventAction&#039;: &#039;match sociability question 2 of 20 continue click&#039;,&#039;eventLabel&#039;: &#039;flathunter&#039;});&quot; type=&quot;button&quot;&gt;Continue&lt;/button&gt;&#039;">
      <![CDATA[Element should be visible {By.xpath: //button[@id='3' and contains(text(), 'Continue')]}
Element: '<button class="btn btn-block btn-info btn-next btn-survey" id="3" onclick="dataLayer.push({'event':'Rebelhack','eventCategory': 'pre user activation','eventAction': 'match sociability question 2 of 20 continue click','eventLabel': 'flathunter'});" type="button">Continue</button>'
Screenshot: file:/C:/Users/lukhovytskyi/Documents/GitHub/idealflatmatetest/build/reports/tests/1531497550525.2.png
Page source: file:/C:/Users/lukhovytskyi/Documents/GitHub/idealflatmatetest/build/reports/tests/1531497550525.2.html
Timeout: 4 s.
	at com.codeborne.selenide.impl.WebElementSource.checkCondition(WebElementSource.java:66)
	at com.codeborne.selenide.commands.Should.should(Should.java:35)
	at com.codeborne.selenide.commands.Should.execute(Should.java:29)
	at com.codeborne.selenide.commands.Should.execute(Should.java:12)
	at com.codeborne.selenide.commands.Commands.execute(Commands.java:144)
	at com.codeborne.selenide.impl.SelenideElementProxy.dispatchAndRetry(SelenideElementProxy.java:87)
	at com.codeborne.selenide.impl.SelenideElementProxy.invoke(SelenideElementProxy.java:63)
	at com.sun.proxy.$Proxy4.waitUntil(Unknown Source)
	at uk.co.idealflatmate.appmanager.MatchingHelper.clickContinueMatching2(MatchingHelper.java:27)
	at uk.co.idealflatmate.tests.SignUpTest.SuccessfulSignUpWithMatchingWithRequiredFields(SignUpTest.java:107)
	at sun.reflect.NativeMethodAccessorImpl.invoke0(Native Method)
	at sun.reflect.NativeMethodAccessorImpl.invoke(NativeMethodAccessorImpl.java:62)
	at sun.reflect.DelegatingMethodAccessorImpl.invoke(DelegatingMethodAccessorImpl.java:43)
	at java.lang.reflect.Method.invoke(Method.java:498)
	at org.testng.internal.MethodInvocationHelper.invokeMethod(MethodInvocationHelper.java:108)
	at org.testng.internal.Invoker.invokeMethod(Invoker.java:661)
	at org.testng.internal.Invoker.invokeTestMethod(Invoker.java:869)
	at org.testng.internal.Invoker.invokeTestMethods(Invoker.java:1193)
	at org.testng.internal.TestMethodWorker.invokeTestMethods(TestMethodWorker.java:126)
	at org.testng.internal.TestMethodWorker.run(TestMethodWorker.java:109)
	at java.util.concurrent.ThreadPoolExecutor.runWorker(ThreadPoolExecutor.java:1149)
	at java.util.concurrent.ThreadPoolExecutor$Worker.run(ThreadPoolExecutor.java:624)
	at java.lang.Thread.run(Thread.java:748)
]]>
    </failure>
  </testcase> <!-- SuccessfulSignUpWithMatchingWithRequiredFields -->
  <testcase name="SignUpViaFacebookAgeUnder18" time="57.411" classname="uk.co.idealflatmate.tests.SignUpTest"/>
  <testcase name="TestClassicSignUpWithBlankRequiredFields" time="45.667" classname="uk.co.idealflatmate.tests.SignUpTest"/>
  <testcase name="SuccessfulSignUpViaFacebook" time="82.616" classname="uk.co.idealflatmate.tests.SignUpTest"/>
  <testcase name="TestClassicSignUpWithExistingEmail" time="292.293" classname="uk.co.idealflatmate.tests.SignUpTest"/>
  <testcase name="TestSuccessfulClassicSignUp" time="92.703" classname="uk.co.idealflatmate.tests.SignUpTest"/>
</testsuite> <!-- uk.co.idealflatmate.tests.SignUpTest -->
