<?xml version="1.0" encoding="UTF-8"?>
<!-- Generated by org.testng.reporters.JUnitReportReporter -->
<testsuite skipped="0" hostname="Private-1074" name="uk.co.idealflatmate.tests.SearchHomePageTests" tests="5" failures="0" timestamp="14 Feb 2019 18:25:06 GMT" time="54.284" errors="0">
  <testcase name="searchHomeIDProperty" time="11.596" classname="uk.co.idealflatmate.tests.SearchHomePageTests"/>
  <testcase name="searchHomePartOfLocationName" time="10.576" classname="uk.co.idealflatmate.tests.SearchHomePageTests"/>
  <testcase name="searchHomeLocationFromList" time="10.014" classname="uk.co.idealflatmate.tests.SearchHomePageTests"/>
  <testcase name="TestSearchHomeByEnter" time="10.107" classname="uk.co.idealflatmate.tests.SearchHomePageTests"/>
  <testcase name="searchHomeByButton" time="11.991" classname="uk.co.idealflatmate.tests.SearchHomePageTests"/>
</testsuite> <!-- uk.co.idealflatmate.tests.SearchHomePageTests -->
