<?xml version="1.0" encoding="UTF-8"?>
<!-- Generated by org.testng.reporters.JUnitReportReporter -->
<testsuite skipped="1" hostname="Private-1074" name="uk.co.idealflatmate.tests.SignUpBuddy_up" tests="7" failures="1" timestamp="20 Feb 2019 13:28:17 GMT" time="303.920" errors="0">
  <testcase name="testGroupPropPage" time="26.776" classname="uk.co.idealflatmate.tests.SignUpBuddy_up"/>
  <testcase name="testMessageSignUpGroupCreate" time="22.018" classname="uk.co.idealflatmate.tests.SignUpBuddy_up">
    <failure type="com.codeborne.selenide.ex.ElementShould" message="Element should have text &#039;Sign up to continue&#039; {By.xpath: //h1}
Element: &#039;&lt;h1 class=&quot;h2 u_p20-top-sm u_p40-top-xs u_p20-bottom u_p60-left-sm u_p30-left-xs u_p60-right-sm u_p30-right-xs u_m0 text-center heading-8vw&quot;&gt;Your information&lt;/h1&gt;&#039;">
      <![CDATA[Element should have text 'Sign up to continue' {By.xpath: //h1}
Element: '<h1 class="h2 u_p20-top-sm u_p40-top-xs u_p20-bottom u_p60-left-sm u_p30-left-xs u_p60-right-sm u_p30-right-xs u_m0 text-center heading-8vw">Your information</h1>'
Screenshot: file:/C:/Users/lukhovytskyi/Documents/GitHub/idealflatmatetest/build/reports/tests/1550669213815.27.png
Page source: file:/C:/Users/lukhovytskyi/Documents/GitHub/idealflatmatetest/build/reports/tests/1550669213815.27.html
Timeout: 10 s.
at com.codeborne.selenide.impl.WebElementSource.checkCondition(WebElementSource.java:66)
at com.codeborne.selenide.commands.Should.should(Should.java:35)
at com.codeborne.selenide.commands.Should.execute(Should.java:29)
at com.codeborne.selenide.commands.Should.execute(Should.java:12)
at com.codeborne.selenide.commands.Commands.execute(Commands.java:144)
at com.codeborne.selenide.impl.SelenideElementProxy.dispatchAndRetry(SelenideElementProxy.java:87)
at com.codeborne.selenide.impl.SelenideElementProxy.invoke(SelenideElementProxy.java:63)
at com.sun.proxy.$Proxy8.shouldHave(Unknown Source)
at uk.co.idealflatmate.appmanager.VerificationHelper.signUpPopupName(VerificationHelper.java:658)
at uk.co.idealflatmate.tests.SignUpBuddy_up.testMessageSignUpGroupCreate(SignUpBuddy_up.java:229)
at sun.reflect.NativeMethodAccessorImpl.invoke0(Native Method)
at sun.reflect.NativeMethodAccessorImpl.invoke(NativeMethodAccessorImpl.java:62)
at sun.reflect.DelegatingMethodAccessorImpl.invoke(DelegatingMethodAccessorImpl.java:43)
at java.lang.reflect.Method.invoke(Method.java:498)
at org.testng.internal.MethodInvocationHelper.invokeMethod(MethodInvocationHelper.java:124)
at org.testng.internal.Invoker.invokeMethod(Invoker.java:583)
at org.testng.internal.Invoker.invokeTestMethod(Invoker.java:719)
at org.testng.internal.Invoker.invokeTestMethods(Invoker.java:989)
at org.testng.internal.TestMethodWorker.invokeTestMethods(TestMethodWorker.java:125)
at org.testng.internal.TestMethodWorker.run(TestMethodWorker.java:109)
at org.testng.TestRunner.privateRun(TestRunner.java:648)
at org.testng.TestRunner.run(TestRunner.java:505)
at org.testng.SuiteRunner.runTest(SuiteRunner.java:455)
at org.testng.SuiteRunner.runSequentially(SuiteRunner.java:450)
at org.testng.SuiteRunner.privateRun(SuiteRunner.java:415)
at org.testng.SuiteRunner.run(SuiteRunner.java:364)
at org.testng.SuiteRunnerWorker.runSuite(SuiteRunnerWorker.java:52)
at org.testng.SuiteRunnerWorker.run(SuiteRunnerWorker.java:84)
at org.testng.TestNG.runSuitesSequentially(TestNG.java:1208)
at org.testng.TestNG.runSuitesLocally(TestNG.java:1137)
at org.testng.TestNG.runSuites(TestNG.java:1049)
at org.testng.TestNG.run(TestNG.java:1017)
at org.apache.maven.surefire.testng.TestNGExecutor.run(TestNGExecutor.java:122)
at org.apache.maven.surefire.testng.TestNGXmlTestSuite.execute(TestNGXmlTestSuite.java:88)
at org.apache.maven.surefire.testng.TestNGProvider.invoke(TestNGProvider.java:104)
at sun.reflect.NativeMethodAccessorImpl.invoke0(Native Method)
at sun.reflect.NativeMethodAccessorImpl.invoke(NativeMethodAccessorImpl.java:62)
at sun.reflect.DelegatingMethodAccessorImpl.invoke(DelegatingMethodAccessorImpl.java:43)
at java.lang.reflect.Method.invoke(Method.java:498)
at org.apache.maven.surefire.booter.ProviderFactory$ClassLoaderProxy.invoke(ProviderFactory.java:103)
at com.sun.proxy.$Proxy0.invoke(Unknown Source)
at org.apache.maven.surefire.booter.SurefireStarter.invokeProvider(SurefireStarter.java:150)
at org.apache.maven.surefire.booter.SurefireStarter.runSuitesInProcess(SurefireStarter.java:91)
at org.apache.maven.surefire.booter.ForkedBooter.main(ForkedBooter.java:69)
]]>
    </failure>
  </testcase> <!-- testMessageSignUpGroupCreate -->
  <testcase name="addLogInViaFBBuddy_up" time="44.908" classname="uk.co.idealflatmate.tests.SignUpBuddy_up"/>
  <testcase name="testButtonPropPage" time="25.602" classname="uk.co.idealflatmate.tests.SignUpBuddy_up"/>
  <testcase name="testCardChatSignUpViaFB" time="60.870" classname="uk.co.idealflatmate.tests.SignUpBuddy_up"/>
  <testcase name="testMessageSignUpFMPageBuddy_Up" time="123.746" classname="uk.co.idealflatmate.tests.SignUpBuddy_up"/>
  <testcase name="testSignUpGroupJoin" time="0.000" classname="uk.co.idealflatmate.tests.SignUpBuddy_up">
    <skipped/>
  </testcase> <!-- testSignUpGroupJoin -->
</testsuite> <!-- uk.co.idealflatmate.tests.SignUpBuddy_up -->
