<?xml version="1.0" encoding="UTF-8"?>
<!-- Generated by org.testng.reporters.JUnitReportReporter -->
<testsuite skipped="0" hostname="Private-1074" name="uk.co.idealflatmate.tests.MessagesTest" tests="8" failures="0" timestamp="25 Jan 2019 17:23:14 GMT" time="1060.230" errors="0">
  <testcase name="landlWithSubsToFM" time="101.153" classname="uk.co.idealflatmate.tests.MessagesTest"/>
  <testcase name="landlordWithoutSubsToFM" time="135.376" classname="uk.co.idealflatmate.tests.MessagesTest"/>
  <testcase name="answMesLandlToPremFHWithoutSubs" time="99.759" classname="uk.co.idealflatmate.tests.MessagesTest"/>
  <testcase name="premFmToLandlWithoutSubsWithListFromSearch" time="101.973" classname="uk.co.idealflatmate.tests.MessagesTest"/>
  <testcase name="fmWithoutSubsTolordWithoutSubsWithListFromFMpage" time="146.137" classname="uk.co.idealflatmate.tests.MessagesTest"/>
  <testcase name="FmWithoutSubsToLandlordWithoutSubsWithListFromList" time="135.438" classname="uk.co.idealflatmate.tests.MessagesTest"/>
  <testcase name="readMessageByLandlWithoutSubsn" time="70.488" classname="uk.co.idealflatmate.tests.MessagesTest"/>
  <testcase name="answMesFmWithoutSubsToFM" time="269.906" classname="uk.co.idealflatmate.tests.MessagesTest"/>
</testsuite> <!-- uk.co.idealflatmate.tests.MessagesTest -->
