<?xml version="1.0" encoding="UTF-8"?>
<!-- Generated by org.testng.reporters.JUnitReportReporter -->
<testsuite skipped="0" hostname="Private-1074" name="uk.co.idealflatmate.tests.AbclearDataTests" tests="2" failures="0" timestamp="15 Feb 2019 11:40:02 GMT" time="325.149" errors="0">
  <testcase name="removeAccountBeforeTest" time="245.395" classname="uk.co.idealflatmate.tests.AbclearDataTests"/>
  <testcase name="removelistingBeforeTest" time="79.754" classname="uk.co.idealflatmate.tests.AbclearDataTests"/>
</testsuite> <!-- uk.co.idealflatmate.tests.AbclearDataTests -->
