<?xml version="1.0" encoding="UTF-8"?>
<!-- Generated by org.testng.reporters.JUnitReportReporter -->
<testsuite skipped="0" hostname="Private-1074" name="uk.co.idealflatmate.tests.AddListingTests" tests="4" failures="1" timestamp="13 Jul 2018 16:03:02 GMT" time="301.799" errors="0">
  <testcase name="TestSignUpSuccessfulPropertyAddingEmailVerification" time="103.441" classname="uk.co.idealflatmate.tests.AddListingTests"/>
  <testcase name="TestSuccessfulLoginStartListing" time="44.881" classname="uk.co.idealflatmate.tests.AddListingTests"/>
  <testcase name="TestSignUpWithBlankFieldsPropertyAdding" time="47.701" classname="uk.co.idealflatmate.tests.AddListingTests"/>
  <testcase name="TestSuccessfulPropertyAddingWithAllFields" time="105.776" classname="uk.co.idealflatmate.tests.AddListingTests">
    <failure type="com.codeborne.selenide.ex.ElementShould" message="Element should have text &#039;3 rooms for rent in Bankside, South, London from
ВЈ500&#039; {By.xpath: //h1[@class=&#039;h2 u_m0-top u_p20-bottom text-normal u_b-bottom&#039;]}
Element: &#039;&lt;h1 class=&quot;h2 u_m0-top u_p20-bottom text-normal u_b-bottom&quot;&gt;3 rooms for rent in Bankside, South, London from £500
Property ref# 0023407&lt;/h1&gt;&#039;">
      <![CDATA[Element should have text '3 rooms for rent in Bankside, South, London from
ВЈ500' {By.xpath: //h1[@class='h2 u_m0-top u_p20-bottom text-normal u_b-bottom']}
Element: '<h1 class="h2 u_m0-top u_p20-bottom text-normal u_b-bottom">3 rooms for rent in Bankside, South, London from £500
Property ref# 0023407</h1>'
Screenshot: file:/C:/Users/lukhovytskyi/Documents/GitHub/idealflatmatetest/build/reports/tests/1531493329375.0.png
Page source: file:/C:/Users/lukhovytskyi/Documents/GitHub/idealflatmatetest/build/reports/tests/1531493329375.0.html
Timeout: 10 s.
	at com.codeborne.selenide.impl.WebElementSource.checkCondition(WebElementSource.java:66)
	at com.codeborne.selenide.commands.Should.should(Should.java:35)
	at com.codeborne.selenide.commands.Should.execute(Should.java:29)
	at com.codeborne.selenide.commands.Should.execute(Should.java:12)
	at com.codeborne.selenide.commands.Commands.execute(Commands.java:144)
	at com.codeborne.selenide.impl.SelenideElementProxy.dispatchAndRetry(SelenideElementProxy.java:87)
	at com.codeborne.selenide.impl.SelenideElementProxy.invoke(SelenideElementProxy.java:63)
	at com.sun.proxy.$Proxy4.shouldHave(Unknown Source)
	at uk.co.idealflatmate.appmanager.VerificationHelper.verifyAddedPropertyWithAllFields(VerificationHelper.java:57)
	at uk.co.idealflatmate.tests.AddListingTests.TestSuccessfulPropertyAddingWithAllFields(AddListingTests.java:99)
	at sun.reflect.NativeMethodAccessorImpl.invoke0(Native Method)
	at sun.reflect.NativeMethodAccessorImpl.invoke(NativeMethodAccessorImpl.java:62)
	at sun.reflect.DelegatingMethodAccessorImpl.invoke(DelegatingMethodAccessorImpl.java:43)
	at java.lang.reflect.Method.invoke(Method.java:498)
	at org.testng.internal.MethodInvocationHelper.invokeMethod(MethodInvocationHelper.java:108)
	at org.testng.internal.Invoker.invokeMethod(Invoker.java:661)
	at org.testng.internal.Invoker.invokeTestMethod(Invoker.java:869)
	at org.testng.internal.Invoker.invokeTestMethods(Invoker.java:1193)
	at org.testng.internal.TestMethodWorker.invokeTestMethods(TestMethodWorker.java:126)
	at org.testng.internal.TestMethodWorker.run(TestMethodWorker.java:109)
	at java.util.concurrent.ThreadPoolExecutor.runWorker(ThreadPoolExecutor.java:1149)
	at java.util.concurrent.ThreadPoolExecutor$Worker.run(ThreadPoolExecutor.java:624)
	at java.lang.Thread.run(Thread.java:748)
]]>
    </failure>
  </testcase> <!-- TestSuccessfulPropertyAddingWithAllFields -->
</testsuite> <!-- uk.co.idealflatmate.tests.AddListingTests -->
