<?xml version="1.0" encoding="UTF-8"?>
<!-- Generated by org.testng.reporters.JUnitReportReporter -->
<testsuite skipped="0" hostname="Private-1074" name="uk.co.idealflatmate.tests.MessagesTest" tests="8" failures="0" timestamp="24 Jan 2019 15:41:07 GMT" time="182.245" errors="0">
  <testcase name="landlordWithoutSubsToFM" time="19.847" classname="uk.co.idealflatmate.tests.MessagesTest"/>
  <testcase name="answMesLandlToPremFHWithoutSubs" time="34.304" classname="uk.co.idealflatmate.tests.MessagesTest"/>
  <testcase name="readMessageByLandlWithoutSubsn" time="14.651" classname="uk.co.idealflatmate.tests.MessagesTest"/>
  <testcase name="FmWithoutSubsToLandlordWithoutSubsWithListFromList" time="43.641" classname="uk.co.idealflatmate.tests.MessagesTest"/>
  <testcase name="fmWithoutSubsTolordWithoutSubsWithListFromFMpage" time="20.638" classname="uk.co.idealflatmate.tests.MessagesTest"/>
  <testcase name="landlWithSubsToFM" time="12.095" classname="uk.co.idealflatmate.tests.MessagesTest"/>
  <testcase name="premFmToLandlWithoutSubsWithListFromSearch" time="19.517" classname="uk.co.idealflatmate.tests.MessagesTest"/>
  <testcase name="answMesFmWithoutSubsToFM" time="17.552" classname="uk.co.idealflatmate.tests.MessagesTest"/>
</testsuite> <!-- uk.co.idealflatmate.tests.MessagesTest -->
