<?xml version="1.0" encoding="UTF-8"?>
<!-- Generated by org.testng.reporters.JUnitReportReporter -->
<testsuite skipped="0" hostname="Private-1074" name="uk.co.idealflatmate.tests.SearchPropertiesPageTests" tests="8" failures="0" timestamp="24 Jan 2019 08:23:18 GMT" time="205.088" errors="0">
  <testcase name="searchPagination" time="30.161" classname="uk.co.idealflatmate.tests.SearchPropertiesPageTests"/>
  <testcase name="applyAdvancedFiltersDefault" time="58.817" classname="uk.co.idealflatmate.tests.SearchPropertiesPageTests"/>
  <testcase name="searchZone1Pagination" time="15.435" classname="uk.co.idealflatmate.tests.SearchPropertiesPageTests"/>
  <testcase name="sortListing" time="41.343" classname="uk.co.idealflatmate.tests.SearchPropertiesPageTests"/>
  <testcase name="sortListingWith2Rooms" time="9.023" classname="uk.co.idealflatmate.tests.SearchPropertiesPageTests"/>
  <testcase name="propertySearchByDropDown" time="9.232" classname="uk.co.idealflatmate.tests.SearchPropertiesPageTests"/>
  <testcase name="searchEastLDNPagination" time="28.677" classname="uk.co.idealflatmate.tests.SearchPropertiesPageTests"/>
  <testcase name="applyMoreFilters" time="12.400" classname="uk.co.idealflatmate.tests.SearchPropertiesPageTests"/>
</testsuite> <!-- uk.co.idealflatmate.tests.SearchPropertiesPageTests -->
