<?xml version="1.0" encoding="UTF-8"?>
<!-- Generated by org.testng.reporters.JUnitReportReporter -->
<testsuite skipped="0" hostname="Private-1074" name="uk.co.idealflatmate.tests.SearchHomePageTests" tests="5" failures="0" timestamp="24 Jan 2019 08:23:18 GMT" time="47.692" errors="0">
  <testcase name="searchHomeLocationFromList" time="8.494" classname="uk.co.idealflatmate.tests.SearchHomePageTests"/>
  <testcase name="TestSearchHomeByEnter" time="8.750" classname="uk.co.idealflatmate.tests.SearchHomePageTests"/>
  <testcase name="searchHomePartOfLocationName" time="9.532" classname="uk.co.idealflatmate.tests.SearchHomePageTests"/>
  <testcase name="searchHomeByButton" time="10.178" classname="uk.co.idealflatmate.tests.SearchHomePageTests"/>
  <testcase name="searchHomeIDProperty" time="10.738" classname="uk.co.idealflatmate.tests.SearchHomePageTests"/>
</testsuite> <!-- uk.co.idealflatmate.tests.SearchHomePageTests -->
