<?xml version="1.0" encoding="UTF-8"?>
<!-- Generated by org.testng.reporters.JUnitReportReporter -->
<testsuite skipped="0" hostname="Private-1074" name="uk.co.idealflatmate.tests.MatchingTests" tests="2" failures="0" timestamp="13 Jul 2018 16:03:02 GMT" time="216.933" errors="0">
  <testcase name="StartMatchingOnFMSearchPage" time="52.432" classname="uk.co.idealflatmate.tests.MatchingTests"/>
  <testcase name="CompleteMatchingFromMenuWithNewUserWithVerifyingPercent" time="164.501" classname="uk.co.idealflatmate.tests.MatchingTests"/>
</testsuite> <!-- uk.co.idealflatmate.tests.MatchingTests -->
