<?xml version="1.0" encoding="UTF-8"?>
<!-- Generated by org.testng.reporters.JUnitReportReporter -->
<testsuite skipped="0" hostname="Private-1074" name="uk.co.idealflatmate.tests.HomePageTest" tests="7" failures="0" timestamp="15 Feb 2019 11:40:02 GMT" time="68.916" errors="0">
  <testcase name="findOutMore" time="11.763" classname="uk.co.idealflatmate.tests.HomePageTest"/>
  <testcase name="blogFM" time="11.548" classname="uk.co.idealflatmate.tests.HomePageTest"/>
  <testcase name="blogLandlord" time="13.769" classname="uk.co.idealflatmate.tests.HomePageTest"/>
  <testcase name="amountOfBlocsAndTextOfAreas" time="16.406" classname="uk.co.idealflatmate.tests.HomePageTest"/>
  <testcase name="findStartMatchingLink" time="6.420" classname="uk.co.idealflatmate.tests.HomePageTest"/>
  <testcase name="findStartListing" time="4.871" classname="uk.co.idealflatmate.tests.HomePageTest"/>
  <testcase name="pressLogo" time="4.139" classname="uk.co.idealflatmate.tests.HomePageTest"/>
</testsuite> <!-- uk.co.idealflatmate.tests.HomePageTest -->
