<?xml version="1.0" encoding="UTF-8"?>
<!-- Generated by org.testng.reporters.JUnitReportReporter -->
<testsuite skipped="0" hostname="Private-1074" name="uk.co.idealflatmate.tests.HomePageTest" tests="7" failures="0" timestamp="29 Jan 2019 10:18:44 GMT" time="717.691" errors="0">
  <testcase name="blogFM" time="96.754" classname="uk.co.idealflatmate.tests.HomePageTest"/>
  <testcase name="amountOfBlocsAndTextOfAreas" time="86.416" classname="uk.co.idealflatmate.tests.HomePageTest"/>
  <testcase name="blogLandlord" time="109.854" classname="uk.co.idealflatmate.tests.HomePageTest"/>
  <testcase name="pressLogo" time="47.516" classname="uk.co.idealflatmate.tests.HomePageTest"/>
  <testcase name="findStartListing" time="133.730" classname="uk.co.idealflatmate.tests.HomePageTest"/>
  <testcase name="findStartMatchingLink" time="103.736" classname="uk.co.idealflatmate.tests.HomePageTest"/>
  <testcase name="findOutMore" time="139.685" classname="uk.co.idealflatmate.tests.HomePageTest"/>
</testsuite> <!-- uk.co.idealflatmate.tests.HomePageTest -->
