<?xml version="1.0" encoding="UTF-8"?>
<!-- Generated by org.testng.reporters.JUnitReportReporter -->
<testsuite skipped="0" hostname="Private-1074" name="uk.co.idealflatmate.tests.SearchPropertiesPageTests" tests="8" failures="0" timestamp="24 Jan 2019 15:41:07 GMT" time="197.539" errors="0">
  <testcase name="applyMoreFilters" time="11.996" classname="uk.co.idealflatmate.tests.SearchPropertiesPageTests"/>
  <testcase name="searchPagination" time="29.544" classname="uk.co.idealflatmate.tests.SearchPropertiesPageTests"/>
  <testcase name="searchEastLDNPagination" time="27.832" classname="uk.co.idealflatmate.tests.SearchPropertiesPageTests"/>
  <testcase name="sortListingWith2Rooms" time="7.847" classname="uk.co.idealflatmate.tests.SearchPropertiesPageTests"/>
  <testcase name="propertySearchByDropDown" time="8.954" classname="uk.co.idealflatmate.tests.SearchPropertiesPageTests"/>
  <testcase name="applyAdvancedFiltersDefault" time="58.191" classname="uk.co.idealflatmate.tests.SearchPropertiesPageTests"/>
  <testcase name="searchZone1Pagination" time="12.504" classname="uk.co.idealflatmate.tests.SearchPropertiesPageTests"/>
  <testcase name="sortListing" time="40.671" classname="uk.co.idealflatmate.tests.SearchPropertiesPageTests"/>
</testsuite> <!-- uk.co.idealflatmate.tests.SearchPropertiesPageTests -->
