<?xml version="1.0" encoding="UTF-8"?>
<!-- Generated by org.testng.reporters.JUnitReportReporter -->
<testsuite skipped="0" hostname="Private-1074" name="uk.co.idealflatmate.tests.AreaPageTest" tests="6" failures="0" timestamp="14 Feb 2019 18:25:06 GMT" time="142.380" errors="0">
  <testcase name="exploreMoreArea" time="17.351" classname="uk.co.idealflatmate.tests.AreaPageTest"/>
  <testcase name="firstFeaturedLinkArea" time="23.122" classname="uk.co.idealflatmate.tests.AreaPageTest"/>
  <testcase name="seeMoreRooms" time="33.932" classname="uk.co.idealflatmate.tests.AreaPageTest"/>
  <testcase name="firstFeaturedLinkMap" time="17.844" classname="uk.co.idealflatmate.tests.AreaPageTest"/>
  <testcase name="firstFeaturedHomePageHeader" time="28.649" classname="uk.co.idealflatmate.tests.AreaPageTest"/>
  <testcase name="linkFH" time="21.482" classname="uk.co.idealflatmate.tests.AreaPageTest"/>
</testsuite> <!-- uk.co.idealflatmate.tests.AreaPageTest -->
