<?xml version="1.0" encoding="UTF-8"?>
<!-- Generated by org.testng.reporters.JUnitReportReporter -->
<testsuite skipped="3" hostname="Alex-PC" name="uk.co.idealflatmate.tests.AuthorizationTests" tests="3" failures="0" timestamp="14 мар 2018 13:05:15 GMT" time="0.000" errors="0">
  <testcase name="SuccessfulSignInViaFacebook" time="0.000" classname="uk.co.idealflatmate.tests.AuthorizationTests">
    <skipped/>
  </testcase> <!-- SuccessfulSignInViaFacebook -->
  <testcase name="InvalidAuthorizationWithEmptyFields" time="0.000" classname="uk.co.idealflatmate.tests.AuthorizationTests">
    <skipped/>
  </testcase> <!-- InvalidAuthorizationWithEmptyFields -->
  <testcase name="SuccessfulClassicSignIn" time="0.000" classname="uk.co.idealflatmate.tests.AuthorizationTests">
    <skipped/>
  </testcase> <!-- SuccessfulClassicSignIn -->
</testsuite> <!-- uk.co.idealflatmate.tests.AuthorizationTests -->
