<?xml version="1.0" encoding="UTF-8"?>
<!-- Generated by org.testng.reporters.JUnitReportReporter -->
<testsuite skipped="0" hostname="Private-1074" name="uk.co.idealflatmate.tests.SearchHomePageTests" tests="5" failures="0" timestamp="15 Feb 2019 11:40:02 GMT" time="80.108" errors="0">
  <testcase name="searchHomeByButton" time="15.620" classname="uk.co.idealflatmate.tests.SearchHomePageTests"/>
  <testcase name="searchHomeIDProperty" time="16.633" classname="uk.co.idealflatmate.tests.SearchHomePageTests"/>
  <testcase name="searchHomeLocationFromList" time="12.880" classname="uk.co.idealflatmate.tests.SearchHomePageTests"/>
  <testcase name="TestSearchHomeByEnter" time="14.658" classname="uk.co.idealflatmate.tests.SearchHomePageTests"/>
  <testcase name="searchHomePartOfLocationName" time="20.317" classname="uk.co.idealflatmate.tests.SearchHomePageTests"/>
</testsuite> <!-- uk.co.idealflatmate.tests.SearchHomePageTests -->
