<?xml version="1.0" encoding="UTF-8"?>
<!-- Generated by org.testng.reporters.JUnitReportReporter -->
<testsuite skipped="0" hostname="Private-1074" name="uk.co.idealflatmate.tests.SearchHomePageTests" tests="5" failures="0" timestamp="24 Jan 2019 15:41:07 GMT" time="48.338" errors="0">
  <testcase name="searchHomeLocationFromList" time="8.578" classname="uk.co.idealflatmate.tests.SearchHomePageTests"/>
  <testcase name="searchHomePartOfLocationName" time="8.738" classname="uk.co.idealflatmate.tests.SearchHomePageTests"/>
  <testcase name="TestSearchHomeByEnter" time="9.726" classname="uk.co.idealflatmate.tests.SearchHomePageTests"/>
  <testcase name="searchHomeByButton" time="10.794" classname="uk.co.idealflatmate.tests.SearchHomePageTests"/>
  <testcase name="searchHomeIDProperty" time="10.502" classname="uk.co.idealflatmate.tests.SearchHomePageTests"/>
</testsuite> <!-- uk.co.idealflatmate.tests.SearchHomePageTests -->
