<?xml version="1.0" encoding="UTF-8"?>
<!-- Generated by org.testng.reporters.JUnitReportReporter -->
<testsuite skipped="0" hostname="Private-1074" name="uk.co.idealflatmate.tests.MatchingTests" tests="2" failures="0" timestamp="14 Dec 2018 15:05:21 GMT" time="69.874" errors="0">
  <testcase name="CompleteMatchingFromMenuWithNewUserWithVerifyingPercent" time="62.826" classname="uk.co.idealflatmate.tests.MatchingTests"/>
  <testcase name="StartMatchingOnFMSearchPage" time="7.048" classname="uk.co.idealflatmate.tests.MatchingTests"/>
</testsuite> <!-- uk.co.idealflatmate.tests.MatchingTests -->
