<?xml version="1.0" encoding="UTF-8"?>
<!-- Generated by org.testng.reporters.JUnitReportReporter -->
<testsuite skipped="0" hostname="Private-1074" name="uk.co.idealflatmate.tests.SearchHomePageTests" tests="5" failures="0" timestamp="20 Feb 2019 13:28:17 GMT" time="60.424" errors="0">
  <testcase name="TestSearchHomeByEnter" time="11.208" classname="uk.co.idealflatmate.tests.SearchHomePageTests"/>
  <testcase name="searchHomeIDProperty" time="11.324" classname="uk.co.idealflatmate.tests.SearchHomePageTests"/>
  <testcase name="searchHomeByButton" time="10.357" classname="uk.co.idealflatmate.tests.SearchHomePageTests"/>
  <testcase name="searchHomeLocationFromList" time="16.523" classname="uk.co.idealflatmate.tests.SearchHomePageTests"/>
  <testcase name="searchHomePartOfLocationName" time="11.012" classname="uk.co.idealflatmate.tests.SearchHomePageTests"/>
</testsuite> <!-- uk.co.idealflatmate.tests.SearchHomePageTests -->
