<?xml version="1.0" encoding="UTF-8"?>
<!-- Generated by org.testng.reporters.JUnitReportReporter -->
<testsuite skipped="0" hostname="Private-1074" name="uk.co.idealflatmate.tests.FooterTest" tests="17" failures="0" timestamp="20 Feb 2019 13:28:17 GMT" time="141.113" errors="0">
  <testcase name="footerNLALink" time="14.182" classname="uk.co.idealflatmate.tests.FooterTest"/>
  <testcase name="footerBlogLink" time="5.434" classname="uk.co.idealflatmate.tests.FooterTest"/>
  <testcase name="footerBrowseFlatsharesLink" time="10.295" classname="uk.co.idealflatmate.tests.FooterTest"/>
  <testcase name="footerMediaLink" time="11.450" classname="uk.co.idealflatmate.tests.FooterTest"/>
  <testcase name="footerBrowseTipsLink" time="4.040" classname="uk.co.idealflatmate.tests.FooterTest"/>
  <testcase name="footerPressLink" time="4.152" classname="uk.co.idealflatmate.tests.FooterTest"/>
  <testcase name="footerBrowseHowItWorksLink" time="4.329" classname="uk.co.idealflatmate.tests.FooterTest"/>
  <testcase name="footerPricingLink" time="4.407" classname="uk.co.idealflatmate.tests.FooterTest"/>
  <testcase name="footerTwitterLink" time="9.248" classname="uk.co.idealflatmate.tests.FooterTest"/>
  <testcase name="footerYoutubeLink" time="10.778" classname="uk.co.idealflatmate.tests.FooterTest"/>
  <testcase name="footerAboutUsLink" time="4.658" classname="uk.co.idealflatmate.tests.FooterTest"/>
  <testcase name="footerAskLandlord" time="15.995" classname="uk.co.idealflatmate.tests.FooterTest"/>
  <testcase name="footerModern" time="11.816" classname="uk.co.idealflatmate.tests.FooterTest"/>
  <testcase name="footerHomeLink" time="4.617" classname="uk.co.idealflatmate.tests.FooterTest"/>
  <testcase name="footerStaySafeLink" time="3.896" classname="uk.co.idealflatmate.tests.FooterTest"/>
  <testcase name="footerContactLink" time="13.058" classname="uk.co.idealflatmate.tests.FooterTest"/>
  <testcase name="footerInstagramLink" time="8.758" classname="uk.co.idealflatmate.tests.FooterTest"/>
</testsuite> <!-- uk.co.idealflatmate.tests.FooterTest -->
