<?xml version="1.0" encoding="UTF-8"?>
<!-- Generated by org.testng.reporters.JUnitReportReporter -->
<testsuite skipped="0" hostname="Private-1074" name="uk.co.idealflatmate.tests.AuthorizationTests" tests="11" failures="0" timestamp="15 Feb 2019 11:40:02 GMT" time="226.802" errors="0">
  <testcase name="logInPhoneReveal" time="27.067" classname="uk.co.idealflatmate.tests.AuthorizationTests"/>
  <testcase name="classicLogInOut" time="10.891" classname="uk.co.idealflatmate.tests.AuthorizationTests"/>
  <testcase name="alogInWithMatchingFB" time="61.226" classname="uk.co.idealflatmate.tests.AuthorizationTests"/>
  <testcase name="logInContactFM" time="16.924" classname="uk.co.idealflatmate.tests.AuthorizationTests"/>
  <testcase name="logInOutOnFMPage" time="14.665" classname="uk.co.idealflatmate.tests.AuthorizationTests"/>
  <testcase name="invalidLoginWithEmptyFields" time="4.714" classname="uk.co.idealflatmate.tests.AuthorizationTests"/>
  <testcase name="logInMessageFM" time="15.112" classname="uk.co.idealflatmate.tests.AuthorizationTests"/>
  <testcase name="logInOutOnPropertyPage" time="11.123" classname="uk.co.idealflatmate.tests.AuthorizationTests"/>
  <testcase name="emailWrongHomePage" time="6.873" classname="uk.co.idealflatmate.tests.AuthorizationTests"/>
  <testcase name="addLogInViaFacebook" time="49.623" classname="uk.co.idealflatmate.tests.AuthorizationTests"/>
  <testcase name="loginPassWronglogInHomePage" time="8.584" classname="uk.co.idealflatmate.tests.AuthorizationTests"/>
</testsuite> <!-- uk.co.idealflatmate.tests.AuthorizationTests -->
