<?xml version="1.0" encoding="UTF-8"?>
<!-- Generated by org.testng.reporters.JUnitReportReporter -->
<testsuite skipped="0" hostname="Private-1074" name="uk.co.idealflatmate.tests.FooterTest" tests="16" failures="0" timestamp="13 Jul 2018 16:03:02 GMT" time="915.238" errors="0">
  <testcase name="footerTwitterLink" time="43.117" classname="uk.co.idealflatmate.tests.FooterTest"/>
  <testcase name="footerBrowseFlatsharesLink" time="49.299" classname="uk.co.idealflatmate.tests.FooterTest"/>
  <testcase name="footerHomeLink" time="41.805" classname="uk.co.idealflatmate.tests.FooterTest"/>
  <testcase name="footerPricingLink" time="70.468" classname="uk.co.idealflatmate.tests.FooterTest"/>
  <testcase name="footerPressLink" time="61.754" classname="uk.co.idealflatmate.tests.FooterTest"/>
  <testcase name="footerContactLink" time="54.245" classname="uk.co.idealflatmate.tests.FooterTest"/>
  <testcase name="footerMediaLink" time="45.095" classname="uk.co.idealflatmate.tests.FooterTest"/>
  <testcase name="footerAboutUsLink" time="60.091" classname="uk.co.idealflatmate.tests.FooterTest"/>
  <testcase name="footerFBLink" time="66.040" classname="uk.co.idealflatmate.tests.FooterTest"/>
  <testcase name="footerBrowseHowItWorksLink" time="35.244" classname="uk.co.idealflatmate.tests.FooterTest"/>
  <testcase name="footerStaySafeLink" time="43.706" classname="uk.co.idealflatmate.tests.FooterTest"/>
  <testcase name="footerBrowseTipsLink" time="66.573" classname="uk.co.idealflatmate.tests.FooterTest"/>
  <testcase name="footerBlogLink" time="62.258" classname="uk.co.idealflatmate.tests.FooterTest"/>
  <testcase name="footerInstagramLink" time="73.329" classname="uk.co.idealflatmate.tests.FooterTest"/>
  <testcase name="footerYoutubeLink" time="67.744" classname="uk.co.idealflatmate.tests.FooterTest"/>
  <testcase name="footerNLALink" time="74.470" classname="uk.co.idealflatmate.tests.FooterTest"/>
</testsuite> <!-- uk.co.idealflatmate.tests.FooterTest -->
