<?xml version="1.0" encoding="UTF-8"?>
<!-- Generated by org.testng.reporters.JUnitReportReporter -->
<testsuite skipped="0" hostname="Private-1074" name="uk.co.idealflatmate.tests.HomePageTest" tests="7" failures="0" timestamp="25 Jan 2019 17:23:14 GMT" time="289.909" errors="0">
  <testcase name="findStartListing" time="100.217" classname="uk.co.idealflatmate.tests.HomePageTest"/>
  <testcase name="blogLandlord" time="6.690" classname="uk.co.idealflatmate.tests.HomePageTest"/>
  <testcase name="findOutMore" time="13.748" classname="uk.co.idealflatmate.tests.HomePageTest"/>
  <testcase name="amountOfBlocsAndTextOfAreas" time="3.325" classname="uk.co.idealflatmate.tests.HomePageTest"/>
  <testcase name="pressLogo" time="5.419" classname="uk.co.idealflatmate.tests.HomePageTest"/>
  <testcase name="blogFM" time="7.103" classname="uk.co.idealflatmate.tests.HomePageTest"/>
  <testcase name="findStartMatchingLink" time="153.407" classname="uk.co.idealflatmate.tests.HomePageTest"/>
</testsuite> <!-- uk.co.idealflatmate.tests.HomePageTest -->
