<?xml version="1.0" encoding="UTF-8"?>
<!-- Generated by org.testng.reporters.JUnitReportReporter -->
<testsuite skipped="0" hostname="Private-1074" name="uk.co.idealflatmate.tests.HomePageTest" tests="7" failures="0" timestamp="20 Feb 2019 13:28:17 GMT" time="37.953" errors="0">
  <testcase name="pressLogo" time="7.917" classname="uk.co.idealflatmate.tests.HomePageTest"/>
  <testcase name="amountOfBlocsAndTextOfAreas" time="2.463" classname="uk.co.idealflatmate.tests.HomePageTest"/>
  <testcase name="blogLandlord" time="2.494" classname="uk.co.idealflatmate.tests.HomePageTest"/>
  <testcase name="findOutMore" time="4.107" classname="uk.co.idealflatmate.tests.HomePageTest"/>
  <testcase name="blogFM" time="9.727" classname="uk.co.idealflatmate.tests.HomePageTest"/>
  <testcase name="findStartListing" time="2.317" classname="uk.co.idealflatmate.tests.HomePageTest"/>
  <testcase name="findStartMatchingLink" time="8.928" classname="uk.co.idealflatmate.tests.HomePageTest"/>
</testsuite> <!-- uk.co.idealflatmate.tests.HomePageTest -->
