<?xml version="1.0" encoding="UTF-8"?>
<!-- Generated by org.testng.reporters.JUnitReportReporter -->
<testsuite skipped="0" hostname="Private-1074" name="uk.co.idealflatmate.tests.SignUpLikeOrMessage" tests="9" failures="1" timestamp="20 Feb 2019 13:28:17 GMT" time="322.109" errors="0">
  <testcase name="popupPropertyPage" time="61.685" classname="uk.co.idealflatmate.tests.SignUpLikeOrMessage"/>
  <testcase name="popupExistingEmailPropertyPhone" time="32.318" classname="uk.co.idealflatmate.tests.SignUpLikeOrMessage"/>
  <testcase name="signUpLike3rdPageQuit" time="41.549" classname="uk.co.idealflatmate.tests.SignUpLikeOrMessage"/>
  <testcase name="popupWithExistingEmail" time="27.575" classname="uk.co.idealflatmate.tests.SignUpLikeOrMessage"/>
  <testcase name="mesPropSignUpHomeStart" time="15.627" classname="uk.co.idealflatmate.tests.SignUpLikeOrMessage"/>
  <testcase name="mesPropSignUpNotBuddy_Up" time="64.839" classname="uk.co.idealflatmate.tests.SignUpLikeOrMessage"/>
  <testcase name="popupExistingEmailPropertyPage" time="17.103" classname="uk.co.idealflatmate.tests.SignUpLikeOrMessage"/>
  <testcase name="signUpLikeHomePage" time="44.847" classname="uk.co.idealflatmate.tests.SignUpLikeOrMessage"/>
  <testcase name="popupWithBlankRequiredFields" time="16.566" classname="uk.co.idealflatmate.tests.SignUpLikeOrMessage">
    <failure type="com.codeborne.selenide.ex.ElementShould" message="Element should be visible {By.xpath: //span[contains (text(), &#039;Sign up with email&#039;)]}
Element: &#039;&lt;span displayed:false&gt;&lt;/span&gt;&#039;">
      <![CDATA[Element should be visible {By.xpath: //span[contains (text(), 'Sign up with email')]}
Element: '<span displayed:false></span>'
Screenshot: file:/C:/Users/lukhovytskyi/Documents/GitHub/idealflatmatetest/build/reports/tests/1550668048236.19.png
Page source: file:/C:/Users/lukhovytskyi/Documents/GitHub/idealflatmatetest/build/reports/tests/1550668048236.19.html
Timeout: 10 s.
at com.codeborne.selenide.impl.WebElementSource.checkCondition(WebElementSource.java:66)
at com.codeborne.selenide.impl.WebElementSource.findAndAssertElementIsVisible(WebElementSource.java:72)
at com.codeborne.selenide.commands.Click.execute(Click.java:16)
at com.codeborne.selenide.commands.Click.execute(Click.java:12)
at com.codeborne.selenide.commands.Commands.execute(Commands.java:144)
at com.codeborne.selenide.impl.SelenideElementProxy.dispatchAndRetry(SelenideElementProxy.java:87)
at com.codeborne.selenide.impl.SelenideElementProxy.invoke(SelenideElementProxy.java:63)
at com.sun.proxy.$Proxy8.click(Unknown Source)
at uk.co.idealflatmate.appmanager.SignUpHelper.clickEmail(SignUpHelper.java:37)
at uk.co.idealflatmate.tests.SignUpLikeOrMessage.popupWithBlankRequiredFields(SignUpLikeOrMessage.java:282)
at sun.reflect.NativeMethodAccessorImpl.invoke0(Native Method)
at sun.reflect.NativeMethodAccessorImpl.invoke(NativeMethodAccessorImpl.java:62)
at sun.reflect.DelegatingMethodAccessorImpl.invoke(DelegatingMethodAccessorImpl.java:43)
at java.lang.reflect.Method.invoke(Method.java:498)
at org.testng.internal.MethodInvocationHelper.invokeMethod(MethodInvocationHelper.java:124)
at org.testng.internal.Invoker.invokeMethod(Invoker.java:583)
at org.testng.internal.Invoker.invokeTestMethod(Invoker.java:719)
at org.testng.internal.Invoker.invokeTestMethods(Invoker.java:989)
at org.testng.internal.TestMethodWorker.invokeTestMethods(TestMethodWorker.java:125)
at org.testng.internal.TestMethodWorker.run(TestMethodWorker.java:109)
at org.testng.TestRunner.privateRun(TestRunner.java:648)
at org.testng.TestRunner.run(TestRunner.java:505)
at org.testng.SuiteRunner.runTest(SuiteRunner.java:455)
at org.testng.SuiteRunner.runSequentially(SuiteRunner.java:450)
at org.testng.SuiteRunner.privateRun(SuiteRunner.java:415)
at org.testng.SuiteRunner.run(SuiteRunner.java:364)
at org.testng.SuiteRunnerWorker.runSuite(SuiteRunnerWorker.java:52)
at org.testng.SuiteRunnerWorker.run(SuiteRunnerWorker.java:84)
at org.testng.TestNG.runSuitesSequentially(TestNG.java:1208)
at org.testng.TestNG.runSuitesLocally(TestNG.java:1137)
at org.testng.TestNG.runSuites(TestNG.java:1049)
at org.testng.TestNG.run(TestNG.java:1017)
at org.apache.maven.surefire.testng.TestNGExecutor.run(TestNGExecutor.java:122)
at org.apache.maven.surefire.testng.TestNGXmlTestSuite.execute(TestNGXmlTestSuite.java:88)
at org.apache.maven.surefire.testng.TestNGProvider.invoke(TestNGProvider.java:104)
at sun.reflect.NativeMethodAccessorImpl.invoke0(Native Method)
at sun.reflect.NativeMethodAccessorImpl.invoke(NativeMethodAccessorImpl.java:62)
at sun.reflect.DelegatingMethodAccessorImpl.invoke(DelegatingMethodAccessorImpl.java:43)
at java.lang.reflect.Method.invoke(Method.java:498)
at org.apache.maven.surefire.booter.ProviderFactory$ClassLoaderProxy.invoke(ProviderFactory.java:103)
at com.sun.proxy.$Proxy0.invoke(Unknown Source)
at org.apache.maven.surefire.booter.SurefireStarter.invokeProvider(SurefireStarter.java:150)
at org.apache.maven.surefire.booter.SurefireStarter.runSuitesInProcess(SurefireStarter.java:91)
at org.apache.maven.surefire.booter.ForkedBooter.main(ForkedBooter.java:69)
]]>
    </failure>
  </testcase> <!-- popupWithBlankRequiredFields -->
</testsuite> <!-- uk.co.idealflatmate.tests.SignUpLikeOrMessage -->
