<?xml version="1.0" encoding="UTF-8"?>
<!-- Generated by org.testng.reporters.JUnitReportReporter -->
<testsuite skipped="0" hostname="Private-1074" name="uk.co.idealflatmate.tests.MessagesTest" tests="8" failures="0" timestamp="14 Feb 2019 18:25:06 GMT" time="210.942" errors="0">
  <testcase name="premFmToLandlWithoutSubsWithListFromSearch" time="25.264" classname="uk.co.idealflatmate.tests.MessagesTest"/>
  <testcase name="answMesLandlToPremFHWithoutSubs" time="34.449" classname="uk.co.idealflatmate.tests.MessagesTest"/>
  <testcase name="readMessageByLandlWithoutSubsn" time="16.848" classname="uk.co.idealflatmate.tests.MessagesTest"/>
  <testcase name="fmWithoutSubsToLandlordWithoutSubsWithListFromList" time="51.035" classname="uk.co.idealflatmate.tests.MessagesTest"/>
  <testcase name="fmWithoutSubsTolordWithoutSubsWithListFromFMpage" time="27.652" classname="uk.co.idealflatmate.tests.MessagesTest"/>
  <testcase name="answMesFmWithoutSubsToFM" time="23.341" classname="uk.co.idealflatmate.tests.MessagesTest"/>
  <testcase name="landlordWithoutSubsToFM" time="16.227" classname="uk.co.idealflatmate.tests.MessagesTest"/>
  <testcase name="lordWithSubsToFM" time="16.126" classname="uk.co.idealflatmate.tests.MessagesTest"/>
</testsuite> <!-- uk.co.idealflatmate.tests.MessagesTest -->
