<?xml version="1.0" encoding="UTF-8"?>
<!-- Generated by org.testng.reporters.JUnitReportReporter -->
<testsuite skipped="2" hostname="Alex-PC" name="uk.co.idealflatmate.tests.MessagesTest" tests="2" failures="0" timestamp="14 мар 2018 13:05:15 GMT" time="0.000" errors="0">
  <testcase name="answerMessage" time="0.000" classname="uk.co.idealflatmate.tests.MessagesTest">
    <skipped/>
  </testcase> <!-- answerMessage -->
  <testcase name="readMessage" time="0.000" classname="uk.co.idealflatmate.tests.MessagesTest">
    <skipped/>
  </testcase> <!-- readMessage -->
</testsuite> <!-- uk.co.idealflatmate.tests.MessagesTest -->
