<?xml version="1.0" encoding="UTF-8"?>
<!-- Generated by org.testng.reporters.JUnitReportReporter -->
<testsuite skipped="1" hostname="Alex-PC" name="uk.co.idealflatmate.tests.PremiumFlathunterTests" tests="1" failures="0" timestamp="14 мар 2018 13:05:15 GMT" time="0.000" errors="0">
  <testcase name="AbilityToSeePhone" time="0.000" classname="uk.co.idealflatmate.tests.PremiumFlathunterTests">
    <skipped/>
  </testcase> <!-- AbilityToSeePhone -->
</testsuite> <!-- uk.co.idealflatmate.tests.PremiumFlathunterTests -->
