<?xml version="1.0" encoding="UTF-8"?>
<!-- Generated by org.testng.reporters.JUnitReportReporter -->
<testsuite skipped="0" hostname="Private-1074" name="uk.co.idealflatmate.tests.SearchFMPageTests" tests="7" failures="0" timestamp="24 Jan 2019 15:41:07 GMT" time="186.487" errors="0">
  <testcase name="searchPagination" time="26.116" classname="uk.co.idealflatmate.tests.SearchFMPageTests"/>
  <testcase name="sortListingLoggedIn" time="43.820" classname="uk.co.idealflatmate.tests.SearchFMPageTests"/>
  <testcase name="applyMoreFiltersPhotoWithList" time="18.043" classname="uk.co.idealflatmate.tests.SearchFMPageTests"/>
  <testcase name="applyAdvancedFiltersDefault" time="55.142" classname="uk.co.idealflatmate.tests.SearchFMPageTests"/>
  <testcase name="applyMoreFilters" time="12.786" classname="uk.co.idealflatmate.tests.SearchFMPageTests"/>
  <testcase name="fmSearchBy" time="7.604" classname="uk.co.idealflatmate.tests.SearchFMPageTests"/>
  <testcase name="applyMoreFiltersPhotoNoList" time="22.976" classname="uk.co.idealflatmate.tests.SearchFMPageTests"/>
</testsuite> <!-- uk.co.idealflatmate.tests.SearchFMPageTests -->
