<?xml version="1.0" encoding="UTF-8"?>
<!-- Generated by org.testng.reporters.JUnitReportReporter -->
<testsuite skipped="0" hostname="Private-1074" name="uk.co.idealflatmate.tests.SearchPropertiesPageTests" tests="8" failures="0" timestamp="15 Feb 2019 11:40:02 GMT" time="228.178" errors="0">
  <testcase name="applyAdvancedFiltersDefault" time="67.569" classname="uk.co.idealflatmate.tests.SearchPropertiesPageTests"/>
  <testcase name="sortListingWith2Rooms" time="13.290" classname="uk.co.idealflatmate.tests.SearchPropertiesPageTests"/>
  <testcase name="sortListing" time="43.617" classname="uk.co.idealflatmate.tests.SearchPropertiesPageTests"/>
  <testcase name="propertySearchByDropDown" time="11.025" classname="uk.co.idealflatmate.tests.SearchPropertiesPageTests"/>
  <testcase name="searchZone1Pagination" time="13.837" classname="uk.co.idealflatmate.tests.SearchPropertiesPageTests"/>
  <testcase name="applyMoreFilters" time="15.776" classname="uk.co.idealflatmate.tests.SearchPropertiesPageTests"/>
  <testcase name="searchEastLDNPagination" time="30.209" classname="uk.co.idealflatmate.tests.SearchPropertiesPageTests"/>
  <testcase name="searchPagination" time="32.855" classname="uk.co.idealflatmate.tests.SearchPropertiesPageTests"/>
</testsuite> <!-- uk.co.idealflatmate.tests.SearchPropertiesPageTests -->
