<?xml version="1.0" encoding="UTF-8"?>
<!-- Generated by org.testng.reporters.JUnitReportReporter -->
<testsuite skipped="0" hostname="Private-1074" name="uk.co.idealflatmate.tests.SignUpTest" tests="13" failures="0" timestamp="24 Jan 2019 15:41:07 GMT" time="402.839" errors="0">
  <testcase name="headerSignUpWithBlankRequiredFieldsLocation" time="33.368" classname="uk.co.idealflatmate.tests.SignUpTest"/>
  <testcase name="headerSignUpHomePageFMSearchLiv_inWithoutAbout" time="34.805" classname="uk.co.idealflatmate.tests.SignUpTest"/>
  <testcase name="SignUpBlankFieldsPropAddRentBlock" time="7.382" classname="uk.co.idealflatmate.tests.SignUpTest"/>
  <testcase name="headerRoomSignUpHomePageTenant" time="63.413" classname="uk.co.idealflatmate.tests.SignUpTest"/>
  <testcase name="ListingSignUpFromHomepage" time="33.139" classname="uk.co.idealflatmate.tests.SignUpTest"/>
  <testcase name="headerSignUpWithBlankRequiredFieldsYourInf" time="16.317" classname="uk.co.idealflatmate.tests.SignUpTest"/>
  <testcase name="headerSignUpWithBlankRequiredFieldsBudget" time="42.961" classname="uk.co.idealflatmate.tests.SignUpTest"/>
  <testcase name="headerSignUpWithExistingEmail" time="22.209" classname="uk.co.idealflatmate.tests.SignUpTest"/>
  <testcase name="ListingSignUpHeader" time="31.257" classname="uk.co.idealflatmate.tests.SignUpTest"/>
  <testcase name="headerSignUpWithBlankRequiredFieldsMoreAboutYou" time="19.045" classname="uk.co.idealflatmate.tests.SignUpTest"/>
  <testcase name="headerSignUpViaFacebook" time="44.604" classname="uk.co.idealflatmate.tests.SignUpTest"/>
  <testcase name="SignUpBlankFieldsPropAddWorkBlock" time="14.328" classname="uk.co.idealflatmate.tests.SignUpTest"/>
  <testcase name="signUpViaFBlistingAgent" time="40.011" classname="uk.co.idealflatmate.tests.SignUpTest"/>
</testsuite> <!-- uk.co.idealflatmate.tests.SignUpTest -->
