<?xml version="1.0" encoding="UTF-8"?>
<!-- Generated by org.testng.reporters.JUnitReportReporter -->
<testsuite skipped="0" hostname="Private-1074" name="uk.co.idealflatmate.tests.AuthorizationTests" tests="13" failures="0" timestamp="29 Jan 2019 10:18:44 GMT" time="2101.096" errors="0">
  <testcase name="emailWrongHomePage" time="102.273" classname="uk.co.idealflatmate.tests.AuthorizationTests"/>
  <testcase name="invalidLoginWithEmptyFields" time="153.926" classname="uk.co.idealflatmate.tests.AuthorizationTests"/>
  <testcase name="logInPhoneReveal" time="148.392" classname="uk.co.idealflatmate.tests.AuthorizationTests"/>
  <testcase name="logInContactProperty" time="145.965" classname="uk.co.idealflatmate.tests.AuthorizationTests"/>
  <testcase name="logInContactFM" time="172.398" classname="uk.co.idealflatmate.tests.AuthorizationTests"/>
  <testcase name="logInOutOnFMPage" time="129.070" classname="uk.co.idealflatmate.tests.AuthorizationTests"/>
  <testcase name="alogInWithMatchingFB" time="332.353" classname="uk.co.idealflatmate.tests.AuthorizationTests"/>
  <testcase name="classicLogInOut" time="140.235" classname="uk.co.idealflatmate.tests.AuthorizationTests"/>
  <testcase name="logInMessageFM" time="148.815" classname="uk.co.idealflatmate.tests.AuthorizationTests"/>
  <testcase name="logInMessageProperty" time="107.562" classname="uk.co.idealflatmate.tests.AuthorizationTests"/>
  <testcase name="ablogInViaFacebook" time="234.672" classname="uk.co.idealflatmate.tests.AuthorizationTests"/>
  <testcase name="loginPassWronglogInHomePage" time="152.713" classname="uk.co.idealflatmate.tests.AuthorizationTests"/>
  <testcase name="logInOutOnPropertyPage" time="132.722" classname="uk.co.idealflatmate.tests.AuthorizationTests"/>
</testsuite> <!-- uk.co.idealflatmate.tests.AuthorizationTests -->
