<?xml version="1.0" encoding="UTF-8"?>
<!-- Generated by org.testng.reporters.JUnitReportReporter -->
<testsuite skipped="0" hostname="Private-1074" name="uk.co.idealflatmate.tests.MessagesTest" tests="8" failures="0" timestamp="15 Feb 2019 11:40:02 GMT" time="269.476" errors="0">
  <testcase name="fmWithoutSubsToLandlordWithoutSubsWithListFromList" time="56.848" classname="uk.co.idealflatmate.tests.MessagesTest"/>
  <testcase name="landlordWithoutSubsToFM" time="21.620" classname="uk.co.idealflatmate.tests.MessagesTest"/>
  <testcase name="readMessageByLandlWithoutSubsn" time="20.830" classname="uk.co.idealflatmate.tests.MessagesTest"/>
  <testcase name="premFmToLandlWithoutSubsWithListFromSearch" time="36.069" classname="uk.co.idealflatmate.tests.MessagesTest"/>
  <testcase name="answMesLandlToPremFHWithoutSubs" time="42.764" classname="uk.co.idealflatmate.tests.MessagesTest"/>
  <testcase name="fmWithoutSubsTolordWithoutSubsWithListFromFMpage" time="31.376" classname="uk.co.idealflatmate.tests.MessagesTest"/>
  <testcase name="lordWithSubsToFM" time="19.814" classname="uk.co.idealflatmate.tests.MessagesTest"/>
  <testcase name="answMesFmWithoutSubsToFM" time="40.155" classname="uk.co.idealflatmate.tests.MessagesTest"/>
</testsuite> <!-- uk.co.idealflatmate.tests.MessagesTest -->
