<?xml version="1.0" encoding="UTF-8"?>
<!-- Generated by org.testng.reporters.JUnitReportReporter -->
<testsuite skipped="0" hostname="Private-1074" name="uk.co.idealflatmate.tests.SearchFMPageTests" tests="7" failures="0" timestamp="15 Feb 2019 11:40:02 GMT" time="212.845" errors="0">
  <testcase name="applyAdvancedFiltersDefault" time="61.943" classname="uk.co.idealflatmate.tests.SearchFMPageTests"/>
  <testcase name="applyMoreFiltersPhotoNoList" time="25.961" classname="uk.co.idealflatmate.tests.SearchFMPageTests"/>
  <testcase name="sortListingLoggedIn" time="48.542" classname="uk.co.idealflatmate.tests.SearchFMPageTests"/>
  <testcase name="applyMoreFilters" time="16.251" classname="uk.co.idealflatmate.tests.SearchFMPageTests"/>
  <testcase name="searchPagination" time="28.995" classname="uk.co.idealflatmate.tests.SearchFMPageTests"/>
  <testcase name="fmSearchBy" time="9.619" classname="uk.co.idealflatmate.tests.SearchFMPageTests"/>
  <testcase name="applyMoreFiltersPhotoWithList" time="21.534" classname="uk.co.idealflatmate.tests.SearchFMPageTests"/>
</testsuite> <!-- uk.co.idealflatmate.tests.SearchFMPageTests -->
