<?xml version="1.0" encoding="UTF-8"?>
<!-- Generated by org.testng.reporters.JUnitReportReporter -->
<testsuite skipped="0" hostname="Private-1074" name="uk.co.idealflatmate.tests.HomePageTest" tests="7" failures="0" timestamp="14 Feb 2019 18:25:06 GMT" time="55.985" errors="0">
  <testcase name="pressLogo" time="10.002" classname="uk.co.idealflatmate.tests.HomePageTest"/>
  <testcase name="findOutMore" time="7.432" classname="uk.co.idealflatmate.tests.HomePageTest"/>
  <testcase name="findStartListing" time="4.473" classname="uk.co.idealflatmate.tests.HomePageTest"/>
  <testcase name="blogFM" time="21.738" classname="uk.co.idealflatmate.tests.HomePageTest"/>
  <testcase name="blogLandlord" time="4.458" classname="uk.co.idealflatmate.tests.HomePageTest"/>
  <testcase name="findStartMatchingLink" time="4.267" classname="uk.co.idealflatmate.tests.HomePageTest"/>
  <testcase name="amountOfBlocsAndTextOfAreas" time="3.615" classname="uk.co.idealflatmate.tests.HomePageTest"/>
</testsuite> <!-- uk.co.idealflatmate.tests.HomePageTest -->
