<?xml version="1.0" encoding="UTF-8"?>
<!-- Generated by org.testng.reporters.JUnitReportReporter -->
<testsuite skipped="0" hostname="Private-1074" name="uk.co.idealflatmate.tests.MessagesTest" tests="6" failures="0" timestamp="13 Jul 2018 16:03:02 GMT" time="612.572" errors="0">
  <testcase name="readMessageByLandlordWithoutSubscription" time="73.631" classname="uk.co.idealflatmate.tests.MessagesTest"/>
  <testcase name="sendMessageFmWithoutSubscriptionToLandlordWithoutSubscriptionWithListingFromSearch" time="119.361" classname="uk.co.idealflatmate.tests.MessagesTest"/>
  <testcase name="answerMessageFmWithoutSubscriptionToFM" time="79.866" classname="uk.co.idealflatmate.tests.MessagesTest"/>
  <testcase name="answerMessagePremiumFHtoLandlordWithoutSubscription" time="97.069" classname="uk.co.idealflatmate.tests.MessagesTest"/>
  <testcase name="sendMessageFmWithoutSubscriptionToLandlordWithoutSubscriptionWithListingFromFMpage" time="100.836" classname="uk.co.idealflatmate.tests.MessagesTest"/>
  <testcase name="sendMessageFmWithoutSubscriptionToLandlordWithoutSubscriptionWithListingFromListing" time="141.809" classname="uk.co.idealflatmate.tests.MessagesTest"/>
</testsuite> <!-- uk.co.idealflatmate.tests.MessagesTest -->
