<?xml version="1.0" encoding="UTF-8"?>
<!-- Generated by org.testng.reporters.JUnitReportReporter -->
<testsuite skipped="0" hostname="Private-1074" name="uk.co.idealflatmate.tests.HomePageTest" tests="7" failures="0" timestamp="24 Jan 2019 15:41:07 GMT" time="24.997" errors="0">
  <testcase name="findStartMatchingLink" time="1.953" classname="uk.co.idealflatmate.tests.HomePageTest"/>
  <testcase name="blogLandlord" time="8.220" classname="uk.co.idealflatmate.tests.HomePageTest"/>
  <testcase name="pressLogo" time="0.900" classname="uk.co.idealflatmate.tests.HomePageTest"/>
  <testcase name="findStartListing" time="1.800" classname="uk.co.idealflatmate.tests.HomePageTest"/>
  <testcase name="blogFM" time="2.064" classname="uk.co.idealflatmate.tests.HomePageTest"/>
  <testcase name="findOutMore" time="9.870" classname="uk.co.idealflatmate.tests.HomePageTest"/>
  <testcase name="amountOfBlocsAndTextOfAreas" time="0.190" classname="uk.co.idealflatmate.tests.HomePageTest"/>
</testsuite> <!-- uk.co.idealflatmate.tests.HomePageTest -->
