<?xml version="1.0" encoding="UTF-8"?>
<!-- Generated by org.testng.reporters.JUnitReportReporter -->
<testsuite skipped="0" hostname="Private-1074" name="uk.co.idealflatmate.tests.AreaPageTest" tests="6" failures="0" timestamp="20 Feb 2019 13:28:17 GMT" time="125.346" errors="0">
  <testcase name="exploreMoreArea" time="22.198" classname="uk.co.idealflatmate.tests.AreaPageTest"/>
  <testcase name="firstFeaturedLinkMap" time="13.990" classname="uk.co.idealflatmate.tests.AreaPageTest"/>
  <testcase name="firstFeaturedLinkArea" time="24.696" classname="uk.co.idealflatmate.tests.AreaPageTest"/>
  <testcase name="linkFH" time="9.902" classname="uk.co.idealflatmate.tests.AreaPageTest"/>
  <testcase name="seeMoreRooms" time="33.138" classname="uk.co.idealflatmate.tests.AreaPageTest"/>
  <testcase name="firstFeaturedHomePageHeader" time="21.422" classname="uk.co.idealflatmate.tests.AreaPageTest"/>
</testsuite> <!-- uk.co.idealflatmate.tests.AreaPageTest -->
