<?xml version="1.0" encoding="UTF-8"?>
<!-- Generated by org.testng.reporters.JUnitReportReporter -->
<testsuite skipped="0" hostname="Private-1074" name="uk.co.idealflatmate.tests.AuthorizationTests" tests="13" failures="1" timestamp="13 Jul 2018 16:03:02 GMT" time="739.304" errors="0">
  <testcase name="EmailWronglogInHomePage" time="43.931" classname="uk.co.idealflatmate.tests.AuthorizationTests"/>
  <testcase name="SuccessLogInContactProperty" time="60.668" classname="uk.co.idealflatmate.tests.AuthorizationTests">
    <failure type="com.codeborne.selenide.ex.ElementShould" message="Element should be visible {#loginform-username}
Element: &#039;&lt;input class=&quot;form-control&quot; id=&quot;loginform-username&quot; name=&quot;LoginForm[username]&quot; type=&quot;text&quot; displayed:false&gt;&lt;/input&gt;&#039;">
      <![CDATA[Element should be visible {#loginform-username}
Element: '<input class="form-control" id="loginform-username" name="LoginForm[username]" type="text" displayed:false></input>'
Screenshot: file:/C:/Users/lukhovytskyi/Documents/GitHub/idealflatmatetest/build/reports/tests/1531493777609.1.png
Page source: file:/C:/Users/lukhovytskyi/Documents/GitHub/idealflatmatetest/build/reports/tests/1531493777609.1.html
Timeout: 10 s.
	at com.codeborne.selenide.impl.WebElementSource.checkCondition(WebElementSource.java:66)
	at com.codeborne.selenide.commands.Should.should(Should.java:35)
	at com.codeborne.selenide.commands.Should.execute(Should.java:29)
	at com.codeborne.selenide.commands.Should.execute(Should.java:12)
	at com.codeborne.selenide.commands.Commands.execute(Commands.java:144)
	at com.codeborne.selenide.impl.SelenideElementProxy.dispatchAndRetry(SelenideElementProxy.java:87)
	at com.codeborne.selenide.impl.SelenideElementProxy.invoke(SelenideElementProxy.java:63)
	at com.sun.proxy.$Proxy4.shouldBe(Unknown Source)
	at uk.co.idealflatmate.appmanager.HelperBase.signIn(HelperBase.java:13)
	at uk.co.idealflatmate.appmanager.AuthorizationHelper.setLoginAsUserWithoutPackage(AuthorizationHelper.java:25)
	at uk.co.idealflatmate.tests.AuthorizationTests.SuccessLogInContactProperty(AuthorizationTests.java:136)
	at sun.reflect.NativeMethodAccessorImpl.invoke0(Native Method)
	at sun.reflect.NativeMethodAccessorImpl.invoke(NativeMethodAccessorImpl.java:62)
	at sun.reflect.DelegatingMethodAccessorImpl.invoke(DelegatingMethodAccessorImpl.java:43)
	at java.lang.reflect.Method.invoke(Method.java:498)
	at org.testng.internal.MethodInvocationHelper.invokeMethod(MethodInvocationHelper.java:108)
	at org.testng.internal.Invoker.invokeMethod(Invoker.java:661)
	at org.testng.internal.Invoker.invokeTestMethod(Invoker.java:869)
	at org.testng.internal.Invoker.invokeTestMethods(Invoker.java:1193)
	at org.testng.internal.TestMethodWorker.invokeTestMethods(TestMethodWorker.java:126)
	at org.testng.internal.TestMethodWorker.run(TestMethodWorker.java:109)
	at java.util.concurrent.ThreadPoolExecutor.runWorker(ThreadPoolExecutor.java:1149)
	at java.util.concurrent.ThreadPoolExecutor$Worker.run(ThreadPoolExecutor.java:624)
	at java.lang.Thread.run(Thread.java:748)
]]>
    </failure>
  </testcase> <!-- SuccessLogInContactProperty -->
  <testcase name="PasswordWronglogInHomePage" time="37.698" classname="uk.co.idealflatmate.tests.AuthorizationTests"/>
  <testcase name="SuccessLogInContactFM" time="59.460" classname="uk.co.idealflatmate.tests.AuthorizationTests"/>
  <testcase name="SuccessLogInMessageProperty" time="69.577" classname="uk.co.idealflatmate.tests.AuthorizationTests"/>
  <testcase name="SuccessClassiclogInOnFMPage" time="51.982" classname="uk.co.idealflatmate.tests.AuthorizationTests"/>
  <testcase name="SuccessLogInMessageFM" time="60.831" classname="uk.co.idealflatmate.tests.AuthorizationTests"/>
  <testcase name="SuccessLogInWithMatchingFB" time="68.670" classname="uk.co.idealflatmate.tests.AuthorizationTests"/>
  <testcase name="SuccessSignInViaFacebook" time="70.739" classname="uk.co.idealflatmate.tests.AuthorizationTests"/>
  <testcase name="InvalidAuthorizationWithEmptyFields" time="33.199" classname="uk.co.idealflatmate.tests.AuthorizationTests"/>
  <testcase name="SuccessLogInViaFacebook" time="47.659" classname="uk.co.idealflatmate.tests.AuthorizationTests"/>
  <testcase name="SuccessClassiclogInOnPropertyPage" time="71.320" classname="uk.co.idealflatmate.tests.AuthorizationTests"/>
  <testcase name="SuccessClassicLogIn" time="63.570" classname="uk.co.idealflatmate.tests.AuthorizationTests"/>
</testsuite> <!-- uk.co.idealflatmate.tests.AuthorizationTests -->
