<?xml version="1.0" encoding="UTF-8"?>
<!-- Generated by org.testng.reporters.JUnitReportReporter -->
<testsuite skipped="0" hostname="Private-1074" name="uk.co.idealflatmate.tests.AbclearDataTests" tests="26" failures="0" timestamp="20 Feb 2019 13:28:17 GMT" time="299.202" errors="0">
  <testcase name="removeAccountBeforeTest" time="9.702" classname="uk.co.idealflatmate.tests.AbclearDataTests"/>
  <testcase name="removeAccountBeforeTest" time="10.354" classname="uk.co.idealflatmate.tests.AbclearDataTests"/>
  <testcase name="removeAccountBeforeTest" time="8.324" classname="uk.co.idealflatmate.tests.AbclearDataTests"/>
  <testcase name="removeAccountBeforeTest" time="8.771" classname="uk.co.idealflatmate.tests.AbclearDataTests"/>
  <testcase name="removeAccountBeforeTest" time="8.773" classname="uk.co.idealflatmate.tests.AbclearDataTests"/>
  <testcase name="removeAccountBeforeTest" time="9.026" classname="uk.co.idealflatmate.tests.AbclearDataTests"/>
  <testcase name="removeAccountBeforeTest" time="8.377" classname="uk.co.idealflatmate.tests.AbclearDataTests"/>
  <testcase name="removeAccountBeforeTest" time="8.638" classname="uk.co.idealflatmate.tests.AbclearDataTests"/>
  <testcase name="removeAccountBeforeTest" time="11.421" classname="uk.co.idealflatmate.tests.AbclearDataTests"/>
  <testcase name="removelistingBeforeTest" time="73.465" classname="uk.co.idealflatmate.tests.AbclearDataTests"/>
  <testcase name="removeAccountBeforeTest" time="10.862" classname="uk.co.idealflatmate.tests.AbclearDataTests"/>
  <testcase name="removeAccountBeforeTest" time="8.403" classname="uk.co.idealflatmate.tests.AbclearDataTests"/>
  <testcase name="removeAccountBeforeTest" time="9.042" classname="uk.co.idealflatmate.tests.AbclearDataTests"/>
  <testcase name="removeAccountBeforeTest" time="8.299" classname="uk.co.idealflatmate.tests.AbclearDataTests"/>
  <testcase name="removeAccountBeforeTest" time="8.347" classname="uk.co.idealflatmate.tests.AbclearDataTests"/>
  <testcase name="removeAccountBeforeTest" time="8.149" classname="uk.co.idealflatmate.tests.AbclearDataTests"/>
  <testcase name="removeAccountBeforeTest" time="8.562" classname="uk.co.idealflatmate.tests.AbclearDataTests"/>
  <testcase name="removeAccountBeforeTest" time="8.265" classname="uk.co.idealflatmate.tests.AbclearDataTests"/>
  <testcase name="removeAccountBeforeTest" time="8.468" classname="uk.co.idealflatmate.tests.AbclearDataTests"/>
  <testcase name="removeAccountBeforeTest" time="8.353" classname="uk.co.idealflatmate.tests.AbclearDataTests"/>
  <testcase name="removeAccountBeforeTest" time="8.313" classname="uk.co.idealflatmate.tests.AbclearDataTests"/>
  <testcase name="removeAccountBeforeTest" time="8.356" classname="uk.co.idealflatmate.tests.AbclearDataTests"/>
  <testcase name="removeAccountBeforeTest" time="9.227" classname="uk.co.idealflatmate.tests.AbclearDataTests"/>
  <testcase name="removeAccountBeforeTest" time="12.432" classname="uk.co.idealflatmate.tests.AbclearDataTests"/>
  <testcase name="removeAccountBeforeTest" time="8.265" classname="uk.co.idealflatmate.tests.AbclearDataTests"/>
  <testcase name="removeAccountBeforeTest" time="9.008" classname="uk.co.idealflatmate.tests.AbclearDataTests"/>
</testsuite> <!-- uk.co.idealflatmate.tests.AbclearDataTests -->
