<?xml version="1.0" encoding="UTF-8"?>
<!-- Generated by org.testng.reporters.JUnitReportReporter -->
<testsuite skipped="0" hostname="Private-1074" name="uk.co.idealflatmate.tests.A_clear_DataTests" tests="2" failures="0" timestamp="14 Feb 2019 18:25:06 GMT" time="286.836" errors="0">
  <testcase name="removeAccountBeforeTest" time="220.882" classname="uk.co.idealflatmate.tests.A_clear_DataTests"/>
  <testcase name="removelistingBeforeTest" time="65.954" classname="uk.co.idealflatmate.tests.A_clear_DataTests"/>
</testsuite> <!-- uk.co.idealflatmate.tests.A_clear_DataTests -->
