<?xml version="1.0" encoding="UTF-8"?>
<!-- Generated by org.testng.reporters.JUnitReportReporter -->
<testsuite skipped="0" hostname="Private-1074" name="uk.co.idealflatmate.tests.AbclearDataTests" tests="26" failures="0" timestamp="20 Feb 2019 12:05:53 GMT" time="283.099" errors="0">
  <testcase name="removeAccountBeforeTest" time="8.600" classname="uk.co.idealflatmate.tests.AbclearDataTests"/>
  <testcase name="removeAccountBeforeTest" time="8.762" classname="uk.co.idealflatmate.tests.AbclearDataTests"/>
  <testcase name="removeAccountBeforeTest" time="8.476" classname="uk.co.idealflatmate.tests.AbclearDataTests"/>
  <testcase name="removeAccountBeforeTest" time="9.129" classname="uk.co.idealflatmate.tests.AbclearDataTests"/>
  <testcase name="removeAccountBeforeTest" time="8.375" classname="uk.co.idealflatmate.tests.AbclearDataTests"/>
  <testcase name="removeAccountBeforeTest" time="8.402" classname="uk.co.idealflatmate.tests.AbclearDataTests"/>
  <testcase name="removeAccountBeforeTest" time="8.471" classname="uk.co.idealflatmate.tests.AbclearDataTests"/>
  <testcase name="removeAccountBeforeTest" time="10.511" classname="uk.co.idealflatmate.tests.AbclearDataTests"/>
  <testcase name="removeAccountBeforeTest" time="8.488" classname="uk.co.idealflatmate.tests.AbclearDataTests"/>
  <testcase name="removeAccountBeforeTest" time="8.473" classname="uk.co.idealflatmate.tests.AbclearDataTests"/>
  <testcase name="removeAccountBeforeTest" time="8.744" classname="uk.co.idealflatmate.tests.AbclearDataTests"/>
  <testcase name="removeAccountBeforeTest" time="8.575" classname="uk.co.idealflatmate.tests.AbclearDataTests"/>
  <testcase name="removeAccountBeforeTest" time="8.807" classname="uk.co.idealflatmate.tests.AbclearDataTests"/>
  <testcase name="removeAccountBeforeTest" time="8.738" classname="uk.co.idealflatmate.tests.AbclearDataTests"/>
  <testcase name="removeAccountBeforeTest" time="9.436" classname="uk.co.idealflatmate.tests.AbclearDataTests"/>
  <testcase name="removeAccountBeforeTest" time="8.343" classname="uk.co.idealflatmate.tests.AbclearDataTests"/>
  <testcase name="removeAccountBeforeTest" time="8.537" classname="uk.co.idealflatmate.tests.AbclearDataTests"/>
  <testcase name="removeAccountBeforeTest" time="8.927" classname="uk.co.idealflatmate.tests.AbclearDataTests"/>
  <testcase name="removeAccountBeforeTest" time="8.359" classname="uk.co.idealflatmate.tests.AbclearDataTests"/>
  <testcase name="removeAccountBeforeTest" time="8.487" classname="uk.co.idealflatmate.tests.AbclearDataTests"/>
  <testcase name="removeAccountBeforeTest" time="8.574" classname="uk.co.idealflatmate.tests.AbclearDataTests"/>
  <testcase name="removeAccountBeforeTest" time="8.522" classname="uk.co.idealflatmate.tests.AbclearDataTests"/>
  <testcase name="removeAccountBeforeTest" time="8.603" classname="uk.co.idealflatmate.tests.AbclearDataTests"/>
  <testcase name="removelistingBeforeTest" time="65.653" classname="uk.co.idealflatmate.tests.AbclearDataTests"/>
  <testcase name="removeAccountBeforeTest" time="8.621" classname="uk.co.idealflatmate.tests.AbclearDataTests"/>
  <testcase name="removeAccountBeforeTest" time="8.486" classname="uk.co.idealflatmate.tests.AbclearDataTests"/>
</testsuite> <!-- uk.co.idealflatmate.tests.AbclearDataTests -->
