<?xml version="1.0" encoding="UTF-8"?>
<!-- Generated by org.testng.reporters.JUnitReportReporter -->
<testsuite skipped="0" hostname="Private-1074" name="uk.co.idealflatmate.tests.FooterTest" tests="17" failures="0" timestamp="24 Jan 2019 08:23:18 GMT" time="125.455" errors="0">
  <testcase name="footerModern" time="10.847" classname="uk.co.idealflatmate.tests.FooterTest"/>
  <testcase name="footerPressLink" time="10.578" classname="uk.co.idealflatmate.tests.FooterTest"/>
  <testcase name="footerAskLandlord" time="6.294" classname="uk.co.idealflatmate.tests.FooterTest"/>
  <testcase name="footerBlogLink" time="3.945" classname="uk.co.idealflatmate.tests.FooterTest"/>
  <testcase name="footerMediaLink" time="11.201" classname="uk.co.idealflatmate.tests.FooterTest"/>
  <testcase name="footerContactLink" time="3.865" classname="uk.co.idealflatmate.tests.FooterTest"/>
  <testcase name="footerNLALink" time="14.154" classname="uk.co.idealflatmate.tests.FooterTest"/>
  <testcase name="footerInstagramLink" time="1.864" classname="uk.co.idealflatmate.tests.FooterTest"/>
  <testcase name="footerHomeLink" time="4.039" classname="uk.co.idealflatmate.tests.FooterTest"/>
  <testcase name="footerPricingLink" time="3.841" classname="uk.co.idealflatmate.tests.FooterTest"/>
  <testcase name="footerYoutubeLink" time="10.315" classname="uk.co.idealflatmate.tests.FooterTest"/>
  <testcase name="footerBrowseTipsLink" time="3.774" classname="uk.co.idealflatmate.tests.FooterTest"/>
  <testcase name="footerBrowseFlatsharesLink" time="14.949" classname="uk.co.idealflatmate.tests.FooterTest"/>
  <testcase name="footerTwitterLink" time="8.340" classname="uk.co.idealflatmate.tests.FooterTest"/>
  <testcase name="footerStaySafeLink" time="3.154" classname="uk.co.idealflatmate.tests.FooterTest"/>
  <testcase name="footerAboutUsLink" time="3.955" classname="uk.co.idealflatmate.tests.FooterTest"/>
  <testcase name="footerBrowseHowItWorksLink" time="10.340" classname="uk.co.idealflatmate.tests.FooterTest"/>
</testsuite> <!-- uk.co.idealflatmate.tests.FooterTest -->
