<?xml version="1.0" encoding="UTF-8"?>
<!-- Generated by org.testng.reporters.JUnitReportReporter -->
<testsuite skipped="0" hostname="Private-1074" name="uk.co.idealflatmate.tests.HomePageTest" tests="12" failures="0" timestamp="13 Jul 2018 16:03:02 GMT" time="908.445" errors="0">
  <testcase name="blogLandlord" time="49.004" classname="uk.co.idealflatmate.tests.HomePageTest"/>
  <testcase name="findOutMore" time="64.342" classname="uk.co.idealflatmate.tests.HomePageTest"/>
  <testcase name="blogTextFMLink" time="53.847" classname="uk.co.idealflatmate.tests.HomePageTest"/>
  <testcase name="blogLordImgLink" time="86.489" classname="uk.co.idealflatmate.tests.HomePageTest"/>
  <testcase name="latestFlatmatesNonLogged" time="46.096" classname="uk.co.idealflatmate.tests.HomePageTest"/>
  <testcase name="blogTextLordLink" time="86.880" classname="uk.co.idealflatmate.tests.HomePageTest"/>
  <testcase name="findStartListing" time="221.763" classname="uk.co.idealflatmate.tests.HomePageTest"/>
  <testcase name="findStartMatchingLink" time="41.309" classname="uk.co.idealflatmate.tests.HomePageTest"/>
  <testcase name="findStartMatching" time="39.217" classname="uk.co.idealflatmate.tests.HomePageTest"/>
  <testcase name="blogImgLink" time="76.210" classname="uk.co.idealflatmate.tests.HomePageTest"/>
  <testcase name="pressLogo" time="88.564" classname="uk.co.idealflatmate.tests.HomePageTest"/>
  <testcase name="blogFM" time="54.724" classname="uk.co.idealflatmate.tests.HomePageTest"/>
</testsuite> <!-- uk.co.idealflatmate.tests.HomePageTest -->
