<?xml version="1.0" encoding="UTF-8"?>
<!-- Generated by org.testng.reporters.JUnitReportReporter -->
<testsuite skipped="0" hostname="Private-1074" name="uk.co.idealflatmate.tests.MessagesTest" tests="8" failures="0" timestamp="20 Feb 2019 13:28:17 GMT" time="194.704" errors="0">
  <testcase name="fmWithoutSubsToLandlordWithoutSubsWithListFromList" time="48.439" classname="uk.co.idealflatmate.tests.MessagesTest"/>
  <testcase name="answMesLandlToPremFHWithoutSubs" time="32.294" classname="uk.co.idealflatmate.tests.MessagesTest"/>
  <testcase name="lordWithSubsToFM" time="14.122" classname="uk.co.idealflatmate.tests.MessagesTest"/>
  <testcase name="landlordWithoutSubsToFM" time="14.649" classname="uk.co.idealflatmate.tests.MessagesTest"/>
  <testcase name="fmWithoutSubsTolordWithoutSubsWithListFromFMpage" time="24.881" classname="uk.co.idealflatmate.tests.MessagesTest"/>
  <testcase name="premFmToLandlWithoutSubsWithListFromSearch" time="23.435" classname="uk.co.idealflatmate.tests.MessagesTest"/>
  <testcase name="readMessageByLandlWithoutSubsn" time="16.084" classname="uk.co.idealflatmate.tests.MessagesTest"/>
  <testcase name="answMesFmWithoutSubsToFM" time="20.800" classname="uk.co.idealflatmate.tests.MessagesTest"/>
</testsuite> <!-- uk.co.idealflatmate.tests.MessagesTest -->
