<?xml version="1.0" encoding="UTF-8"?>
<!-- Generated by org.testng.reporters.JUnitReportReporter -->
<testsuite skipped="0" hostname="Private-1074" name="uk.co.idealflatmate.tests.EmailTests" tests="1" failures="0" timestamp="13 Jul 2018 16:03:02 GMT" time="88.047" errors="0">
  <testcase name="TestSuccessfulEmailReceivingWelcomeAndListing" time="88.047" classname="uk.co.idealflatmate.tests.EmailTests"/>
</testsuite> <!-- uk.co.idealflatmate.tests.EmailTests -->
