<?xml version="1.0" encoding="UTF-8"?>
<!-- Generated by org.testng.reporters.JUnitReportReporter -->
<testsuite skipped="0" hostname="Private-1074" name="uk.co.idealflatmate.tests.HomePageTest" tests="7" failures="0" timestamp="24 Jan 2019 08:23:18 GMT" time="28.948" errors="0">
  <testcase name="amountOfBlocsAndTextOfAreas" time="0.196" classname="uk.co.idealflatmate.tests.HomePageTest"/>
  <testcase name="blogLandlord" time="8.390" classname="uk.co.idealflatmate.tests.HomePageTest"/>
  <testcase name="pressLogo" time="1.059" classname="uk.co.idealflatmate.tests.HomePageTest"/>
  <testcase name="findOutMore" time="12.724" classname="uk.co.idealflatmate.tests.HomePageTest"/>
  <testcase name="blogFM" time="2.158" classname="uk.co.idealflatmate.tests.HomePageTest"/>
  <testcase name="findStartMatchingLink" time="2.060" classname="uk.co.idealflatmate.tests.HomePageTest"/>
  <testcase name="findStartListing" time="2.361" classname="uk.co.idealflatmate.tests.HomePageTest"/>
</testsuite> <!-- uk.co.idealflatmate.tests.HomePageTest -->
